<?xml version="1.0" encoding="UTF-8"?>
<testng-results skipped="0" failed="1" ignored="0" total="4" passed="3">
  <reporter-output>
    <line>
      <![CDATA[<td><a href='<img src="file://TestCases.CreateAccountTest - 15-Dec-2017__04_42_22PM.png" alt=""/>.png'><path/></a></td>]]>
    </line>
    <line>
      <![CDATA[<td><a href='<img src="file://TestCases.LoginTest - 15-Dec-2017__04_42_47PM.png" alt=""/>.png'><path/></a></td>]]>
    </line>
    <line>
      <![CDATA[<td><a href='<img src="file://TestCases.HomePageTest - 15-Dec-2017__04_42_51PM.png" alt=""/>.png'><path/></a></td>]]>
    </line>
    <line>
      <![CDATA[<td><a href='<img src="file://TestCases.LogoutTest - 15-Dec-2017__04_42_53PM.png" alt=""/>.png'><path/></a></td>]]>
    </line>
  </reporter-output>
  <suite name="Suite" duration-ms="84641" started-at="2017-12-15T11:11:36Z" finished-at="2017-12-15T11:13:01Z">
    <groups>
    </groups>
    <test name="Test" duration-ms="84641" started-at="2017-12-15T11:11:36Z" finished-at="2017-12-15T11:13:01Z">
      <class name="com.webspiders.TestCases">
        <test-method status="PASS" signature="BaseSetUp()[pri:0, instance:com.webspiders.TestCases@27efef64]" name="BaseSetUp" is-config="true" duration-ms="20538" started-at="2017-12-15T16:41:36Z" finished-at="2017-12-15T16:41:57Z">
          <reporter-output>
          </reporter-output>
        </test-method> <!-- BaseSetUp -->
        <test-method status="FAIL" signature="CreateAccountTest()[pri:1, instance:com.webspiders.TestCases@27efef64]" name="CreateAccountTest" duration-ms="21850" started-at="2017-12-15T16:41:57Z" finished-at="2017-12-15T16:42:19Z">
          <exception class="org.openqa.selenium.NoSuchElementException">
            <message>
              <![CDATA[An element could not be located on the page using the given search parameters. (WARNING: The server did not provide any stacktrace information)
Command duration or timeout: 0 milliseconds
For documentation on this error, please visit: http://seleniumhq.org/exceptions/no_such_element.html
Build info: version: '3.8.1', revision: '6e95a6684b', time: '2017-12-01T19:05:32.194Z'
System info: host: 'wssys069.webspiders.com', ip: 'fe80:0:0:0:1c99:894b:7c77:910%en0', os.name: 'Mac OS X', os.arch: 'x86_64', os.version: '10.12.6', java.version: '1.8.0_131'
Driver info: io.appium.java_client.android.AndroidDriver
Capabilities {app: /Users/goni/Documents/works..., appActivity: nhs.ibd.com.nhsibd.Features..., appPackage: nhs.ibd.com.nhsibd, databaseEnabled: false, desired: {app: /Users/goni/Documents/works..., appActivity: nhs.ibd.com.nhsibd.Features..., appPackage: nhs.ibd.com.nhsibd, deviceName: emulator-5554, noReset: false, platformName: Android, platformVersion: 4.4.4, udid: emulator-5554}, deviceManufacturer: unknown, deviceModel: Android SDK built for x86, deviceName: emulator-5554, deviceScreenSize: 1080x1920, deviceUDID: emulator-5554, javascriptEnabled: true, locationContextEnabled: false, networkConnectionEnabled: true, noReset: false, platform: LINUX, platformName: LINUX, platformVersion: 4.4.2, takesScreenshot: true, udid: emulator-5554, warnings: {}, webStorageEnabled: false}
Session ID: 5be0d257-c904-4e35-bf63-15a9afc445b2
*** Element info: {Using=xpath, value=//*[@resource-id ='nhs.ibd.com.nhsibd:id/nameET']}]]>
            </message>
            <full-stacktrace>
              <![CDATA[org.openqa.selenium.NoSuchElementException: An element could not be located on the page using the given search parameters. (WARNING: The server did not provide any stacktrace information)
Command duration or timeout: 0 milliseconds
For documentation on this error, please visit: http://seleniumhq.org/exceptions/no_such_element.html
Build info: version: '3.8.1', revision: '6e95a6684b', time: '2017-12-01T19:05:32.194Z'
System info: host: 'wssys069.webspiders.com', ip: 'fe80:0:0:0:1c99:894b:7c77:910%en0', os.name: 'Mac OS X', os.arch: 'x86_64', os.version: '10.12.6', java.version: '1.8.0_131'
Driver info: io.appium.java_client.android.AndroidDriver
Capabilities {app: /Users/goni/Documents/works..., appActivity: nhs.ibd.com.nhsibd.Features..., appPackage: nhs.ibd.com.nhsibd, databaseEnabled: false, desired: {app: /Users/goni/Documents/works..., appActivity: nhs.ibd.com.nhsibd.Features..., appPackage: nhs.ibd.com.nhsibd, deviceName: emulator-5554, noReset: false, platformName: Android, platformVersion: 4.4.4, udid: emulator-5554}, deviceManufacturer: unknown, deviceModel: Android SDK built for x86, deviceName: emulator-5554, deviceScreenSize: 1080x1920, deviceUDID: emulator-5554, javascriptEnabled: true, locationContextEnabled: false, networkConnectionEnabled: true, noReset: false, platform: LINUX, platformName: LINUX, platformVersion: 4.4.2, takesScreenshot: true, udid: emulator-5554, warnings: {}, webStorageEnabled: false}
Session ID: 5be0d257-c904-4e35-bf63-15a9afc445b2
*** Element info: {Using=xpath, value=//*[@resource-id ='nhs.ibd.com.nhsibd:id/nameET']}
	at sun.reflect.NativeConstructorAccessorImpl.newInstance0(Native Method)
	at sun.reflect.NativeConstructorAccessorImpl.newInstance(NativeConstructorAccessorImpl.java:62)
	at sun.reflect.DelegatingConstructorAccessorImpl.newInstance(DelegatingConstructorAccessorImpl.java:45)
	at java.lang.reflect.Constructor.newInstance(Constructor.java:423)
	at org.openqa.selenium.remote.ErrorHandler.createThrowable(ErrorHandler.java:214)
	at org.openqa.selenium.remote.ErrorHandler.throwIfResponseFailed(ErrorHandler.java:166)
	at org.openqa.selenium.remote.http.JsonHttpResponseCodec.reconstructValue(JsonHttpResponseCodec.java:40)
	at org.openqa.selenium.remote.http.AbstractHttpResponseCodec.decode(AbstractHttpResponseCodec.java:80)
	at org.openqa.selenium.remote.http.AbstractHttpResponseCodec.decode(AbstractHttpResponseCodec.java:44)
	at org.openqa.selenium.remote.HttpCommandExecutor.execute(HttpCommandExecutor.java:164)
	at io.appium.java_client.remote.AppiumCommandExecutor.execute(AppiumCommandExecutor.java:89)
	at org.openqa.selenium.remote.RemoteWebDriver.execute(RemoteWebDriver.java:601)
	at io.appium.java_client.DefaultGenericMobileDriver.execute(DefaultGenericMobileDriver.java:42)
	at io.appium.java_client.AppiumDriver.execute(AppiumDriver.java:1)
	at io.appium.java_client.android.AndroidDriver.execute(AndroidDriver.java:1)
	at org.openqa.selenium.remote.RemoteWebDriver.findElement(RemoteWebDriver.java:371)
	at io.appium.java_client.DefaultGenericMobileDriver.findElement(DefaultGenericMobileDriver.java:62)
	at io.appium.java_client.AppiumDriver.findElement(AppiumDriver.java:1)
	at io.appium.java_client.android.AndroidDriver.findElement(AndroidDriver.java:1)
	at org.openqa.selenium.remote.RemoteWebDriver.findElementByXPath(RemoteWebDriver.java:473)
	at io.appium.java_client.DefaultGenericMobileDriver.findElementByXPath(DefaultGenericMobileDriver.java:140)
	at io.appium.java_client.AppiumDriver.findElementByXPath(AppiumDriver.java:1)
	at io.appium.java_client.android.AndroidDriver.findElementByXPath(AndroidDriver.java:1)
	at com.webspiders.TestCases.CreateAccountTest(TestCases.java:195)
	at sun.reflect.NativeMethodAccessorImpl.invoke0(Native Method)
	at sun.reflect.NativeMethodAccessorImpl.invoke(NativeMethodAccessorImpl.java:62)
	at sun.reflect.DelegatingMethodAccessorImpl.invoke(DelegatingMethodAccessorImpl.java:43)
	at java.lang.reflect.Method.invoke(Method.java:498)
	at org.testng.internal.MethodInvocationHelper.invokeMethod(MethodInvocationHelper.java:108)
	at org.testng.internal.Invoker.invokeMethod(Invoker.java:669)
	at org.testng.internal.Invoker.invokeTestMethod(Invoker.java:877)
	at org.testng.internal.Invoker.invokeTestMethods(Invoker.java:1201)
	at org.testng.internal.TestMethodWorker.invokeTestMethods(TestMethodWorker.java:125)
	at org.testng.internal.TestMethodWorker.run(TestMethodWorker.java:109)
	at org.testng.TestRunner.privateRun(TestRunner.java:776)
	at org.testng.TestRunner.run(TestRunner.java:634)
	at org.testng.SuiteRunner.runTest(SuiteRunner.java:425)
	at org.testng.SuiteRunner.runSequentially(SuiteRunner.java:420)
	at org.testng.SuiteRunner.privateRun(SuiteRunner.java:385)
	at org.testng.SuiteRunner.run(SuiteRunner.java:334)
	at org.testng.SuiteRunnerWorker.runSuite(SuiteRunnerWorker.java:52)
	at org.testng.SuiteRunnerWorker.run(SuiteRunnerWorker.java:86)
	at org.testng.TestNG.runSuitesSequentially(TestNG.java:1318)
	at org.testng.TestNG.runSuitesLocally(TestNG.java:1243)
	at org.testng.TestNG.runSuites(TestNG.java:1161)
	at org.testng.TestNG.run(TestNG.java:1129)
	at org.testng.remote.AbstractRemoteTestNG.run(AbstractRemoteTestNG.java:114)
	at org.testng.remote.RemoteTestNG.initAndRun(RemoteTestNG.java:251)
	at org.testng.remote.RemoteTestNG.main(RemoteTestNG.java:77)
]]>
            </full-stacktrace>
          </exception> <!-- org.openqa.selenium.NoSuchElementException -->
          <reporter-output>
            <line>
              <![CDATA[<td><a href='<img src="file://TestCases.CreateAccountTest - 15-Dec-2017__04_42_22PM.png" alt=""/>.png'><path/></a></td>]]>
            </line>
          </reporter-output>
        </test-method> <!-- CreateAccountTest -->
        <test-method status="PASS" signature="LoginTest()[pri:2, instance:com.webspiders.TestCases@27efef64]" name="LoginTest" duration-ms="20588" started-at="2017-12-15T16:42:23Z" finished-at="2017-12-15T16:42:43Z">
          <reporter-output>
            <line>
              <![CDATA[<td><a href='<img src="file://TestCases.LoginTest - 15-Dec-2017__04_42_47PM.png" alt=""/>.png'><path/></a></td>]]>
            </line>
          </reporter-output>
        </test-method> <!-- LoginTest -->
        <test-method status="PASS" signature="HomePageTest()[pri:3, instance:com.webspiders.TestCases@27efef64]" name="HomePageTest" duration-ms="103" started-at="2017-12-15T16:42:47Z" finished-at="2017-12-15T16:42:47Z">
          <reporter-output>
            <line>
              <![CDATA[<td><a href='<img src="file://TestCases.HomePageTest - 15-Dec-2017__04_42_51PM.png" alt=""/>.png'><path/></a></td>]]>
            </line>
          </reporter-output>
        </test-method> <!-- HomePageTest -->
        <test-method status="PASS" signature="LogoutTest()[pri:3, instance:com.webspiders.TestCases@27efef64]" name="LogoutTest" duration-ms="1" started-at="2017-12-15T16:42:51Z" finished-at="2017-12-15T16:42:51Z">
          <reporter-output>
            <line>
              <![CDATA[<td><a href='<img src="file://TestCases.LogoutTest - 15-Dec-2017__04_42_53PM.png" alt=""/>.png'><path/></a></td>]]>
            </line>
          </reporter-output>
        </test-method> <!-- LogoutTest -->
        <test-method status="PASS" signature="CloseSetUp()[pri:0, instance:com.webspiders.TestCases@27efef64]" name="CloseSetUp" is-config="true" duration-ms="7554" started-at="2017-12-15T16:42:53Z" finished-at="2017-12-15T16:43:01Z">
          <reporter-output>
          </reporter-output>
        </test-method> <!-- CloseSetUp -->
      </class> <!-- com.webspiders.TestCases -->
    </test> <!-- Test -->
  </suite> <!-- Suite -->
</testng-results>
