<?xml version="1.0" encoding="UTF-8"?>
<testng-results skipped="0" failed="0" total="3" passed="3">
  <reporter-output>
  </reporter-output>
  <suite name="Default suite" duration-ms="110308" started-at="2017-12-22T11:35:59Z" finished-at="2017-12-22T11:37:49Z">
    <groups>
    </groups>
    <test name="Default test" duration-ms="110308" started-at="2017-12-22T11:35:59Z" finished-at="2017-12-22T11:37:49Z">
      <class name="com.TestCases.IDBTestCaes">
        <test-method status="PASS" signature="setUp()[pri:0, instance:com.TestCases.IDBTestCaes@402a079c]" name="setUp" is-config="true" duration-ms="10733" started-at="2017-12-22T17:05:59Z" finished-at="2017-12-22T17:06:10Z">
          <reporter-output>
          </reporter-output>
        </test-method> <!-- setUp -->
        <test-method status="PASS" signature="validLoginTest()[pri:1, instance:com.TestCases.IDBTestCaes@402a079c]" name="validLoginTest" duration-ms="19471" started-at="2017-12-22T17:06:10Z" finished-at="2017-12-22T17:06:29Z">
          <reporter-output>
          </reporter-output>
        </test-method> <!-- validLoginTest -->
        <test-method status="PASS" signature="inValidLoginTest()[pri:2, instance:com.TestCases.IDBTestCaes@402a079c]" name="inValidLoginTest" duration-ms="24515" started-at="2017-12-22T17:06:29Z" finished-at="2017-12-22T17:06:54Z">
          <reporter-output>
          </reporter-output>
        </test-method> <!-- inValidLoginTest -->
        <test-method status="PASS" signature="createAccountTest()[pri:3, instance:com.TestCases.IDBTestCaes@402a079c]" name="createAccountTest" duration-ms="53984" started-at="2017-12-22T17:06:54Z" finished-at="2017-12-22T17:07:48Z">
          <reporter-output>
          </reporter-output>
        </test-method> <!-- createAccountTest -->
        <test-method status="PASS" signature="tearDown()[pri:0, instance:com.TestCases.IDBTestCaes@402a079c]" name="tearDown" is-config="true" duration-ms="1505" started-at="2017-12-22T17:07:48Z" finished-at="2017-12-22T17:07:49Z">
          <reporter-output>
          </reporter-output>
        </test-method> <!-- tearDown -->
      </class> <!-- com.TestCases.IDBTestCaes -->
    </test> <!-- Default test -->
  </suite> <!-- Default suite -->
</testng-results>
