<?xml version="1.0" encoding="UTF-8"?>
<!-- Generated by org.testng.reporters.JUnitXMLReporter -->
<testsuite hostname="wssys069.webspiders.com" name="Default test" tests="6" failures="0" timestamp="26 Dec 2017 14:56:59 GMT" time="395.762" errors="0">
  <testcase name="inValidLoginTest" time="22.406" classname="com.TestCases.IDBTestCaes"/>
  <testcase name="validLoginTest" time="23.669" classname="com.TestCases.IDBTestCaes"/>
  <testcase name="changeMyNameAndPhoneNoTest" time="73.404" classname="com.TestCases.IDBTestCaes"/>
  <testcase name="changeMyPinNoTest" time="104.267" classname="com.TestCases.IDBTestCaes"/>
  <testcase name="changeHospitalNameTest" time="76.839" classname="com.TestCases.IDBTestCaes"/>
  <testcase name="createAccountWithInvalidDetailsTest" time="58.104" classname="com.TestCases.IDBTestCaes"/>
</testsuite> <!-- Default test -->
