<?xml version="1.0" encoding="UTF-8"?>
<!-- Generated by org.testng.reporters.JUnitXMLReporter -->
<testsuite hostname="wssys069.webspiders.com" name="Default test" tests="3" failures="0" timestamp="22 Dec 2017 11:37:49 GMT" time="110.308" errors="0">
  <testcase name="validLoginTest" time="19.471" classname="com.TestCases.IDBTestCaes"/>
  <testcase name="inValidLoginTest" time="24.515" classname="com.TestCases.IDBTestCaes"/>
  <testcase name="createAccountTest" time="53.984" classname="com.TestCases.IDBTestCaes"/>
</testsuite> <!-- Default test -->
